First, we will make the blocks:

a1 = [1 2];
a2 = [1 -1 0 1];
a3 = [-1 1; 0 1; 1 -1; 1 0];
a4 = [1 0 -1 1; -1 1 0 1; 0 0 1 0; 1 2 1 0];
A = [a1 a2; a3 a4];

b1 = [1 0 1; -1 1 2];
b2 = [2 1; 0 1];
b3 = [1 0 1; -1 1 0; 2 1 0; 0 1 1];
b4 = [1 2; 0 1; -2 1; -1 1];
B = [b1 b2; b3 b4];

A*B

ans =

     1     2     7     2     5
    -3     1     3     0     2
    -3     3     2    -2     1
     4     0    -1     0     1
     2     3     2     1     6

Now, we create the whole matricies:

A = [1 2 1 -1 0 1; -1 1 1 0 -1 1; 0 1 -1 1 0 1; 1 -1 0 0 1 0; 1 0 1 2 1 0];
B = [1 0 1 2 1; -1 1 2 0 1; 1 0 1 1 2; -1 1 0 0 1; 2 1 0 -2 1; 0 1 1 -1 1];
A*B

ans =

     1     2     7     2     5
    -3     1     3     0     2
    -3     3     2    -2     1
     4     0    -1     0     1
     2     3     2     1     6

diary off
