Here is my code:
--------------------------------------------------------------------------
type csimpson.m

function y = csimpson(f,a,b,n)
%y = csimpson(f,a,b,n)
%This is an algorithm by Alexander Winkles used to perform composite
%Simpson's rule to compute numerical integral values.
%
%f : the function being integrated
%a : the lower bound of the integral
%b : the upper bound of the integral
%n : the number of subintervals used

h=(b-a)/n;

x = zeros(1,n+1);

x(1) = a;
x(n+1) = b;

p = 0;
q = 0;

for i=2:n
    x(i) = a + h*(i-1);
end;

for i=2:n
    p = p + f(x(i));
end;

for i = 2:n+1
    q = q + f((x(i)+x(i-1))/2);
end;

y = (h/6)*(f(a) + 2*p + 4*q + f(b));

--------------------------------------------------------------------------

Here is my work. The expected value for the integral is 1/10, or 0.1000. 

f =@(x) sin(10*x)

f = 

    @(x)sin(10*x)

y = csimpson(f,0,pi/20,2)

y =

   0.100013458497419

0.1000 - y

ans =

    -1.345849741937744e-05

y = csimpson(f,0,pi/20,3)

y =

   0.100002631217059

0.1000 - y

ans =

    -2.631217059262392e-06

y = csimpson(f,0,pi/20,4)

y =

   0.100000829552397

0.1000 - y

ans =

    -8.295523967610796e-07

y = csimpson(f,0,pi/20,5)

y =

   0.100000339222090

0.1000 - y

ans =

    -3.392220900566567e-07

y = csimpson(f,0,pi/20,6)

y =

   0.100000163443858

0.1000 - y

ans =

    -1.634438579894981e-07

diary off