Here is my code:
--------------------------------------------------------------------------
type romberg.m

function y = romberg(f,a,b,n,q1,q2)
%y = romberg(f,a,b,n,r,q)
%
%This is an algorithm written by Alexander Winkles that performs Romberg
%integration.
%
%f  : the function being integrated
%a  : the lower bound of the integral
%b  : the upper bound of the integral
%n  : the 2^n subinterval specification
%q1 : if q == 1, returns an array of all Romberg values computed
%q2 : a two element vector. if q2(1) == 1, then prints the error matrix
%       where q2(2) is the true value

h = b-a;

R = zeros(n+1,n+1);

R(1,1) = (1/2)*h*(feval(f,a) + feval(f,b));

for i = 2 : n+1
    h = h/2;
    sum = 0;
    for u = 1 : (2^(i-2))
        sum = sum + feval(f,(a + (2*u-1)*h));
    end;
    R(i,1) = (1/2)*R(i-1,1) + h*(sum);
    for j = 2 : i
        R(i,j) = R(i,j-1) + (R(i,j-1) - R(i-1,j-1))/(4^(j-1) - 1);
    end;
end;


if q1 == 1
    disp(R)
end;

if q2(1) == 1
    E = zeros(n+1,n+1);
    for i=1:n+1
        for j=1:n+1
            if i >= j
                E(i,j) = q2(2) - R(i,j);
            end;
        end;
    end;
    disp(E)
end;

y = R(n+1,n+1);
--------------------------------------------------------------------------
Here are my results, with the actual answer being (sin(5))^2/5:

f =@(x) sin(10*x)

f = 

    @(x)sin(10*x)

romberg(f,0,1,5,1,[1 (sin(5)^2/5)])
  -0.272010555444685                   0                   0                   0                   0                   0
  -0.615467415053912  -0.729953034923654                   0                   0                   0                   0
   0.076384322692718   0.307001568608261   0.376131875510389                   0                   0                   0
   0.159313166073844   0.186956113867552   0.178953083551505   0.175823261456920                   0                   0
   0.177881250868329   0.184070612466491   0.183878245706420   0.183956422883482   0.183988317634175                   0
   0.182408071050210   0.183917011110837   0.183906771020460   0.183907223803223   0.183907030865653   0.183906951406446

   0.455917708352330                   0                   0                   0                   0                   0
   0.799374567961557   0.913860187831299                   0                   0                   0                   0
   0.107522830214927  -0.123094415700616  -0.192224722602744                   0                   0                   0
   0.024593986833801  -0.003048960959907   0.004954069356140   0.008083891450726                   0                   0
   0.006025902039316  -0.000163459558846   0.000028907201225  -0.000049269975837  -0.000081164726530                   0
   0.001499081857435  -0.000009858203192   0.000000381887185  -0.000000070895577   0.000000122041992   0.000000201501199


ans =

   0.183906951406446

diary off
